<?xml version="1.0" encoding="UTF-8"?>
<!-- Generated by org.testng.reporters.JUnitXMLReporter -->
<testsuite hostname="DESKTOP-077RDC3" ignored="0" name="BankingApp Test" tests="2" failures="0" timestamp="20 Jan 2020 11:17:46 GMT" time="40.653" errors="0">
  <testcase name="loginTest" time="2.943" classname="com.inetbanking.testCases.TC_LoginTest_001"/>
  <testcase name="addNewCustomer" time="14.213" classname="com.inetbanking.testCases.TC_AddCustomerTest_003"/>
</testsuite> <!-- BankingApp Test -->
