<?xml version="1.0" encoding="UTF-8"?>
<!-- Generated by org.testng.reporters.JUnitXMLReporter -->
<testsuite hostname="DESKTOP-16OTIR4" ignored="0" name="BankingApp Test" tests="2" failures="0" timestamp="09 Oct 2021 12:29:09 GMT" time="26.275" errors="0">
  <testcase name="loginTest" time="1.445" classname="com.inetbanking.testCases.TC_LoginTest_001"/>
  <testcase name="addNewCustomer" time="12.466" classname="com.inetbanking.testCases.TC_AddCustomerTest_003"/>
</testsuite> <!-- BankingApp Test -->
